C:\USERS\BEBOP\DOCUMENTS\VISUAL STUDIO 2010\PROJECTS\STRANDEDGAME\DEBUG\GAMEENGINE.LIB
C:\USERS\BEBOP\DOCUMENTS\VISUAL STUDIO 2010\PROJECTS\STRANDEDGAME\GAMEENGINE\DEBUG\BOUNDINGGEOMETRY.OBJ
C:\Users\bebop\documents\visual studio 2010\Projects\strandedGame\gameEngine\Debug\cl.command.1.tlog
C:\Users\bebop\documents\visual studio 2010\Projects\strandedGame\gameEngine\Debug\CL.read.1.tlog
C:\Users\bebop\documents\visual studio 2010\Projects\strandedGame\gameEngine\Debug\CL.write.1.tlog
C:\USERS\BEBOP\DOCUMENTS\VISUAL STUDIO 2010\PROJECTS\STRANDEDGAME\GAMEENGINE\DEBUG\COMMANDSCRIPT.OBJ
C:\USERS\BEBOP\DOCUMENTS\VISUAL STUDIO 2010\PROJECTS\STRANDEDGAME\GAMEENGINE\DEBUG\D3DRENDERER.OBJ
C:\USERS\BEBOP\DOCUMENTS\VISUAL STUDIO 2010\PROJECTS\STRANDEDGAME\GAMEENGINE\DEBUG\DIRECTINPUT.OBJ
C:\Users\bebop\documents\visual studio 2010\Projects\strandedGame\gameEngine\Debug\gameEngine.write.1.tlog
C:\USERS\BEBOP\DOCUMENTS\VISUAL STUDIO 2010\PROJECTS\STRANDEDGAME\GAMEENGINE\DEBUG\GUI.OBJ
C:\Users\bebop\documents\visual studio 2010\Projects\strandedGame\gameEngine\Debug\lib.command.1.tlog
C:\Users\bebop\documents\visual studio 2010\Projects\strandedGame\gameEngine\Debug\Lib-link.read.1.tlog
C:\Users\bebop\documents\visual studio 2010\Projects\strandedGame\gameEngine\Debug\Lib-link.write.1.tlog
C:\USERS\BEBOP\DOCUMENTS\VISUAL STUDIO 2010\PROJECTS\STRANDEDGAME\GAMEENGINE\DEBUG\MATRIX.OBJ
C:\USERS\BEBOP\DOCUMENTS\VISUAL STUDIO 2010\PROJECTS\STRANDEDGAME\GAMEENGINE\DEBUG\OBJLOADER.OBJ
C:\USERS\BEBOP\DOCUMENTS\VISUAL STUDIO 2010\PROJECTS\STRANDEDGAME\GAMEENGINE\DEBUG\PLANE.OBJ
C:\USERS\BEBOP\DOCUMENTS\VISUAL STUDIO 2010\PROJECTS\STRANDEDGAME\GAMEENGINE\DEBUG\POLYGON.OBJ
C:\USERS\BEBOP\DOCUMENTS\VISUAL STUDIO 2010\PROJECTS\STRANDEDGAME\GAMEENGINE\DEBUG\PROPERTYSCRIPT.OBJ
C:\USERS\BEBOP\DOCUMENTS\VISUAL STUDIO 2010\PROJECTS\STRANDEDGAME\GAMEENGINE\DEBUG\QUATERNION.OBJ
C:\USERS\BEBOP\DOCUMENTS\VISUAL STUDIO 2010\PROJECTS\STRANDEDGAME\GAMEENGINE\DEBUG\RAINPS.OBJ
C:\USERS\BEBOP\DOCUMENTS\VISUAL STUDIO 2010\PROJECTS\STRANDEDGAME\GAMEENGINE\DEBUG\RAY.OBJ
C:\USERS\BEBOP\DOCUMENTS\VISUAL STUDIO 2010\PROJECTS\STRANDEDGAME\GAMEENGINE\DEBUG\ROUTE.OBJ
C:\USERS\BEBOP\DOCUMENTS\VISUAL STUDIO 2010\PROJECTS\STRANDEDGAME\GAMEENGINE\DEBUG\TOKEN.OBJ
C:\USERS\BEBOP\DOCUMENTS\VISUAL STUDIO 2010\PROJECTS\STRANDEDGAME\GAMEENGINE\DEBUG\UMFLOADER.OBJ
C:\Users\bebop\documents\visual studio 2010\Projects\strandedGame\gameEngine\Debug\vc100.idb
C:\USERS\BEBOP\DOCUMENTS\VISUAL STUDIO 2010\PROJECTS\STRANDEDGAME\GAMEENGINE\DEBUG\VC100.PDB
C:\USERS\BEBOP\DOCUMENTS\VISUAL STUDIO 2010\PROJECTS\STRANDEDGAME\GAMEENGINE\DEBUG\VECTOR.OBJ
C:\USERS\BEBOP\DOCUMENTS\VISUAL STUDIO 2010\PROJECTS\STRANDEDGAME\GAMEENGINE\DEBUG\XMESH.OBJ
C:\USERS\BEBOP\DOCUMENTS\VISUAL STUDIO 2010\PROJECTS\STRANDEDGAME\GAMEENGINE\DEBUG\XSTRUCTURES.OBJ
