生成启动时间为 2018/7/18 11:15:53。
     1>项目“C:\Users\bebop\documents\visual studio 2010\Projects\strandedGame\strandedGame\strandedGame.vcxproj”在节点 2 上(rebuild 个目标)。
     1>_PrepareForClean:
         正在删除文件“Release\strandedGame.lastbuildstate”。
       InitializeBuildStatus:
         正在创建“Release\strandedGame.unsuccessfulbuild”，因为已指定“AlwaysCreate”。
       ClCompile:
         C:\Program Files (x86)\Microsoft Visual Studio 10.0\VC\bin\CL.exe /c /Zi /nologo /W3 /WX- /O2 /Oi /Oy- /GL /D WIN32 /D NDEBUG /D _WINDOWS /D _MBCS /Gm- /EHsc /MD /GS /Gy /fp:precise /Zc:wchar_t /Zc:forScope /Fo"Release\\" /Fd"Release\vc100.pdb" /Gd /TP /analyze- /errorReport:prompt main.cpp
         main.cpp
         C:\Program Files (x86)\Microsoft DirectX SDK (June 2010)\Include\dinput.h: DIRECTINPUT_VERSION undefined. Defaulting to version 0x0800
     1>main.cpp(100): warning C4390: “;”: 找到空的受控语句；这是否是有意的?
     1>main.cpp(435): warning C4996: 'stricmp': The POSIX name for this item is deprecated. Instead, use the ISO C++ conformant name: _stricmp. See online help for details.
                 C:\Program Files (x86)\Microsoft Visual Studio 10.0\VC\include\string.h(246) : 参见“stricmp”的声明
     1>main.cpp(436): warning C4996: 'stricmp': The POSIX name for this item is deprecated. Instead, use the ISO C++ conformant name: _stricmp. See online help for details.
                 C:\Program Files (x86)\Microsoft Visual Studio 10.0\VC\include\string.h(246) : 参见“stricmp”的声明
     1>main.cpp(437): warning C4996: 'stricmp': The POSIX name for this item is deprecated. Instead, use the ISO C++ conformant name: _stricmp. See online help for details.
                 C:\Program Files (x86)\Microsoft Visual Studio 10.0\VC\include\string.h(246) : 参见“stricmp”的声明
     1>main.cpp(438): warning C4996: 'stricmp': The POSIX name for this item is deprecated. Instead, use the ISO C++ conformant name: _stricmp. See online help for details.
                 C:\Program Files (x86)\Microsoft Visual Studio 10.0\VC\include\string.h(246) : 参见“stricmp”的声明
     1>main.cpp(439): warning C4996: 'stricmp': The POSIX name for this item is deprecated. Instead, use the ISO C++ conformant name: _stricmp. See online help for details.
                 C:\Program Files (x86)\Microsoft Visual Studio 10.0\VC\include\string.h(246) : 参见“stricmp”的声明
     1>main.cpp(445): warning C4996: 'sprintf': This function or variable may be unsafe. Consider using sprintf_s instead. To disable deprecation, use _CRT_SECURE_NO_WARNINGS. See online help for details.
                 C:\Program Files (x86)\Microsoft Visual Studio 10.0\VC\include\stdio.h(371) : 参见“sprintf”的声明
     1>main.cpp(461): warning C4996: 'stricmp': The POSIX name for this item is deprecated. Instead, use the ISO C++ conformant name: _stricmp. See online help for details.
                 C:\Program Files (x86)\Microsoft Visual Studio 10.0\VC\include\string.h(246) : 参见“stricmp”的声明
     1>main.cpp(476): warning C4996: 'stricmp': The POSIX name for this item is deprecated. Instead, use the ISO C++ conformant name: _stricmp. See online help for details.
                 C:\Program Files (x86)\Microsoft Visual Studio 10.0\VC\include\string.h(246) : 参见“stricmp”的声明
     1>main.cpp(491): warning C4996: 'stricmp': The POSIX name for this item is deprecated. Instead, use the ISO C++ conformant name: _stricmp. See online help for details.
                 C:\Program Files (x86)\Microsoft Visual Studio 10.0\VC\include\string.h(246) : 参见“stricmp”的声明
     1>main.cpp(492): warning C4996: 'stricmp': The POSIX name for this item is deprecated. Instead, use the ISO C++ conformant name: _stricmp. See online help for details.
                 C:\Program Files (x86)\Microsoft Visual Studio 10.0\VC\include\string.h(246) : 参见“stricmp”的声明
     1>main.cpp(493): warning C4996: 'stricmp': The POSIX name for this item is deprecated. Instead, use the ISO C++ conformant name: _stricmp. See online help for details.
                 C:\Program Files (x86)\Microsoft Visual Studio 10.0\VC\include\string.h(246) : 参见“stricmp”的声明
       Link:
         C:\Program Files (x86)\Microsoft Visual Studio 10.0\VC\bin\link.exe /ERRORREPORT:PROMPT /OUT:"C:\Users\bebop\documents\visual studio 2010\Projects\strandedGame\Release\strandedGame.exe" /INCREMENTAL:NO /NOLOGO winmm.lib dxerr.lib dxguid.lib d3dx9d.lib d3dx10d.lib d3d9.lib kernel32.lib user32.lib gdi32.lib winspool.lib comdlg32.lib advapi32.lib shell32.lib ole32.lib oleaut32.lib uuid.lib odbc32.lib odbccp32.lib /MANIFEST /ManifestFile:"Release\strandedGame.exe.intermediate.manifest" /MANIFESTUAC:"level='asInvoker' uiAccess='false'" /DEBUG /PDB:"C:\Users\bebop\documents\visual studio 2010\Projects\strandedGame\Release\strandedGame.pdb" /SUBSYSTEM:WINDOWS /OPT:REF /OPT:ICF /LTCG /TLBID:1 /DYNAMICBASE /NXCOMPAT /IMPLIB:"C:\Users\bebop\documents\visual studio 2010\Projects\strandedGame\Release\strandedGame.lib" /MACHINE:X86 Release\main.obj
         正在生成代码
         已完成代码的生成
         strandedGame.vcxproj -> C:\Users\bebop\documents\visual studio 2010\Projects\strandedGame\Release\strandedGame.exe
       Manifest:
         c:\Program Files (x86)\Microsoft SDKs\Windows\v7.0A\bin\mt.exe /nologo /verbose /outputresource:"C:\Users\bebop\documents\visual studio 2010\Projects\strandedGame\Release\strandedGame.exe;#1" /manifest Release\strandedGame.exe.intermediate.manifest
       FinalizeBuildStatus:
         正在删除文件“Release\strandedGame.unsuccessfulbuild”。
         正在对“Release\strandedGame.lastbuildstate”执行 Touch 任务。
     1>已完成生成项目“C:\Users\bebop\documents\visual studio 2010\Projects\strandedGame\strandedGame\strandedGame.vcxproj”(rebuild 个目标)的操作。

生成成功。

已用时间 00:00:01.73
