C:\USERS\BEBOP\DOCUMENTS\VISUAL STUDIO 2010\PROJECTS\STRANDEDGAME\GAMEENGINE\RELEASE\BOUNDINGGEOMETRY.OBJ
C:\Users\bebop\documents\visual studio 2010\Projects\strandedGame\gameEngine\Release\cl.command.1.tlog
C:\Users\bebop\documents\visual studio 2010\Projects\strandedGame\gameEngine\Release\CL.read.1.tlog
C:\Users\bebop\documents\visual studio 2010\Projects\strandedGame\gameEngine\Release\CL.write.1.tlog
C:\USERS\BEBOP\DOCUMENTS\VISUAL STUDIO 2010\PROJECTS\STRANDEDGAME\GAMEENGINE\RELEASE\COMMANDSCRIPT.OBJ
C:\USERS\BEBOP\DOCUMENTS\VISUAL STUDIO 2010\PROJECTS\STRANDEDGAME\GAMEENGINE\RELEASE\D3DRENDERER.OBJ
C:\USERS\BEBOP\DOCUMENTS\VISUAL STUDIO 2010\PROJECTS\STRANDEDGAME\GAMEENGINE\RELEASE\DIRECTINPUT.OBJ
C:\Users\bebop\documents\visual studio 2010\Projects\strandedGame\gameEngine\Release\gameEngine.write.1.tlog
C:\USERS\BEBOP\DOCUMENTS\VISUAL STUDIO 2010\PROJECTS\STRANDEDGAME\GAMEENGINE\RELEASE\GUI.OBJ
C:\Users\bebop\documents\visual studio 2010\Projects\strandedGame\gameEngine\Release\lib.command.1.tlog
C:\Users\bebop\documents\visual studio 2010\Projects\strandedGame\gameEngine\Release\Lib-link.read.1.tlog
C:\Users\bebop\documents\visual studio 2010\Projects\strandedGame\gameEngine\Release\Lib-link.write.1.tlog
C:\USERS\BEBOP\DOCUMENTS\VISUAL STUDIO 2010\PROJECTS\STRANDEDGAME\GAMEENGINE\RELEASE\MATRIX.OBJ
C:\USERS\BEBOP\DOCUMENTS\VISUAL STUDIO 2010\PROJECTS\STRANDEDGAME\GAMEENGINE\RELEASE\OBJLOADER.OBJ
C:\USERS\BEBOP\DOCUMENTS\VISUAL STUDIO 2010\PROJECTS\STRANDEDGAME\GAMEENGINE\RELEASE\PLANE.OBJ
C:\USERS\BEBOP\DOCUMENTS\VISUAL STUDIO 2010\PROJECTS\STRANDEDGAME\GAMEENGINE\RELEASE\POLYGON.OBJ
C:\USERS\BEBOP\DOCUMENTS\VISUAL STUDIO 2010\PROJECTS\STRANDEDGAME\GAMEENGINE\RELEASE\PROPERTYSCRIPT.OBJ
C:\USERS\BEBOP\DOCUMENTS\VISUAL STUDIO 2010\PROJECTS\STRANDEDGAME\GAMEENGINE\RELEASE\QUATERNION.OBJ
C:\USERS\BEBOP\DOCUMENTS\VISUAL STUDIO 2010\PROJECTS\STRANDEDGAME\GAMEENGINE\RELEASE\RAINPS.OBJ
C:\USERS\BEBOP\DOCUMENTS\VISUAL STUDIO 2010\PROJECTS\STRANDEDGAME\GAMEENGINE\RELEASE\RAY.OBJ
C:\USERS\BEBOP\DOCUMENTS\VISUAL STUDIO 2010\PROJECTS\STRANDEDGAME\GAMEENGINE\RELEASE\ROUTE.OBJ
C:\USERS\BEBOP\DOCUMENTS\VISUAL STUDIO 2010\PROJECTS\STRANDEDGAME\GAMEENGINE\RELEASE\TOKEN.OBJ
C:\USERS\BEBOP\DOCUMENTS\VISUAL STUDIO 2010\PROJECTS\STRANDEDGAME\GAMEENGINE\RELEASE\UMFLOADER.OBJ
C:\USERS\BEBOP\DOCUMENTS\VISUAL STUDIO 2010\PROJECTS\STRANDEDGAME\GAMEENGINE\RELEASE\VC100.PDB
C:\USERS\BEBOP\DOCUMENTS\VISUAL STUDIO 2010\PROJECTS\STRANDEDGAME\GAMEENGINE\RELEASE\VECTOR.OBJ
C:\USERS\BEBOP\DOCUMENTS\VISUAL STUDIO 2010\PROJECTS\STRANDEDGAME\GAMEENGINE\RELEASE\XMESH.OBJ
C:\USERS\BEBOP\DOCUMENTS\VISUAL STUDIO 2010\PROJECTS\STRANDEDGAME\GAMEENGINE\RELEASE\XSTRUCTURES.OBJ
C:\USERS\BEBOP\DOCUMENTS\VISUAL STUDIO 2010\PROJECTS\STRANDEDGAME\RELEASE\GAMEENGINE.LIB
