生成启动时间为 2018/7/18 11:15:44。
     1>项目“C:\Users\bebop\documents\visual studio 2010\Projects\strandedGame\gameEngine\gameEngine.vcxproj”在节点 2 上(rebuild 个目标)。
     1>_PrepareForClean:
         正在删除文件“Release\gameEngine.lastbuildstate”。
       InitializeBuildStatus:
         正在创建“Release\gameEngine.unsuccessfulbuild”，因为已指定“AlwaysCreate”。
       ClCompile:
         C:\Program Files (x86)\Microsoft Visual Studio 10.0\VC\bin\CL.exe /c /Zi /nologo /W3 /WX- /O2 /Oi /Oy- /GL /D WIN32 /D NDEBUG /D _WINDOWS /D _MBCS /Gm- /EHsc /MD /GS /Gy /fp:precise /Zc:wchar_t /Zc:forScope /Fo"Release\\" /Fd"Release\vc100.pdb" /Gd /TP /analyze- /errorReport:prompt BoundingGeometry.cpp CommandScript.cpp D3DRenderer.cpp directInput.cpp GUI.cpp matrix.cpp OBJLoader.cpp Plane.cpp Polygon.cpp PropertyScript.cpp quaternion.cpp rainPS.cpp Ray.cpp Route.cpp Token.cpp UMFLoader.cpp vector.cpp XMesh.cpp XStructures.cpp
         BoundingGeometry.cpp
         CommandScript.cpp
     1>CommandScript.cpp(183): warning C4996: 'stricmp': The POSIX name for this item is deprecated. Instead, use the ISO C++ conformant name: _stricmp. See online help for details.
                 C:\Program Files (x86)\Microsoft Visual Studio 10.0\VC\include\string.h(246) : 参见“stricmp”的声明
         D3DRenderer.cpp
         directInput.cpp
         C:\Program Files (x86)\Microsoft DirectX SDK (June 2010)\Include\dinput.h: DIRECTINPUT_VERSION undefined. Defaulting to version 0x0800
         GUI.cpp
         matrix.cpp
         OBJLoader.cpp
     1>OBJLoader.cpp(20): warning C4996: 'fopen': This function or variable may be unsafe. Consider using fopen_s instead. To disable deprecation, use _CRT_SECURE_NO_WARNINGS. See online help for details.
                 C:\Program Files (x86)\Microsoft Visual Studio 10.0\VC\include\stdio.h(234) : 参见“fopen”的声明
         Plane.cpp
         Polygon.cpp
         PropertyScript.cpp
     1>PropertyScript.cpp(328): warning C4996: 'stricmp': The POSIX name for this item is deprecated. Instead, use the ISO C++ conformant name: _stricmp. See online help for details.
                 C:\Program Files (x86)\Microsoft Visual Studio 10.0\VC\include\string.h(246) : 参见“stricmp”的声明
     1>PropertyScript.cpp(345): warning C4996: 'stricmp': The POSIX name for this item is deprecated. Instead, use the ISO C++ conformant name: _stricmp. See online help for details.
                 C:\Program Files (x86)\Microsoft Visual Studio 10.0\VC\include\string.h(246) : 参见“stricmp”的声明
     1>PropertyScript.cpp(359): warning C4996: 'stricmp': The POSIX name for this item is deprecated. Instead, use the ISO C++ conformant name: _stricmp. See online help for details.
                 C:\Program Files (x86)\Microsoft Visual Studio 10.0\VC\include\string.h(246) : 参见“stricmp”的声明
     1>PropertyScript.cpp(373): warning C4996: 'stricmp': The POSIX name for this item is deprecated. Instead, use the ISO C++ conformant name: _stricmp. See online help for details.
                 C:\Program Files (x86)\Microsoft Visual Studio 10.0\VC\include\string.h(246) : 参见“stricmp”的声明
     1>PropertyScript.cpp(389): warning C4996: 'stricmp': The POSIX name for this item is deprecated. Instead, use the ISO C++ conformant name: _stricmp. See online help for details.
                 C:\Program Files (x86)\Microsoft Visual Studio 10.0\VC\include\string.h(246) : 参见“stricmp”的声明
         quaternion.cpp
         rainPS.cpp
         Ray.cpp
         Route.cpp
         Token.cpp
     1>Token.cpp(23): warning C4996: 'strcpy': This function or variable may be unsafe. Consider using strcpy_s instead. To disable deprecation, use _CRT_SECURE_NO_WARNINGS. See online help for details.
                 C:\Program Files (x86)\Microsoft Visual Studio 10.0\VC\include\string.h(105) : 参见“strcpy”的声明
     1>Token.cpp(56): warning C4996: 'strncpy': This function or variable may be unsafe. Consider using strncpy_s instead. To disable deprecation, use _CRT_SECURE_NO_WARNINGS. See online help for details.
                 C:\Program Files (x86)\Microsoft Visual Studio 10.0\VC\include\string.h(188) : 参见“strncpy”的声明
     1>Token.cpp(76): warning C4996: 'stricmp': The POSIX name for this item is deprecated. Instead, use the ISO C++ conformant name: _stricmp. See online help for details.
                 C:\Program Files (x86)\Microsoft Visual Studio 10.0\VC\include\string.h(246) : 参见“stricmp”的声明
     1>Token.cpp(95): warning C4996: 'strncpy': This function or variable may be unsafe. Consider using strncpy_s instead. To disable deprecation, use _CRT_SECURE_NO_WARNINGS. See online help for details.
                 C:\Program Files (x86)\Microsoft Visual Studio 10.0\VC\include\string.h(188) : 参见“strncpy”的声明
         UMFLoader.cpp
     1>UMFLoader.cpp(22): warning C4996: 'fopen': This function or variable may be unsafe. Consider using fopen_s instead. To disable deprecation, use _CRT_SECURE_NO_WARNINGS. See online help for details.
                 C:\Program Files (x86)\Microsoft Visual Studio 10.0\VC\include\stdio.h(234) : 参见“fopen”的声明
     1>UMFLoader.cpp(120): warning C4996: 'fopen': This function or variable may be unsafe. Consider using fopen_s instead. To disable deprecation, use _CRT_SECURE_NO_WARNINGS. See online help for details.
                 C:\Program Files (x86)\Microsoft Visual Studio 10.0\VC\include\stdio.h(234) : 参见“fopen”的声明
         vector.cpp
         XMesh.cpp
         XStructures.cpp
       Lib:
         C:\Program Files (x86)\Microsoft Visual Studio 10.0\VC\bin\Lib.exe /OUT:"C:\Users\bebop\documents\visual studio 2010\Projects\strandedGame\Release\gameEngine.lib" /NOLOGO /LTCG Release\BoundingGeometry.obj
         Release\CommandScript.obj
         Release\D3DRenderer.obj
         Release\directInput.obj
         Release\GUI.obj
         Release\matrix.obj
         Release\OBJLoader.obj
         Release\Plane.obj
         Release\Polygon.obj
         Release\PropertyScript.obj
         Release\quaternion.obj
         Release\rainPS.obj
         Release\Ray.obj
         Release\Route.obj
         Release\Token.obj
         Release\UMFLoader.obj
         Release\vector.obj
         Release\XMesh.obj
         Release\XStructures.obj
         gameEngine.vcxproj -> C:\Users\bebop\documents\visual studio 2010\Projects\strandedGame\Release\gameEngine.lib
       FinalizeBuildStatus:
         正在删除文件“Release\gameEngine.unsuccessfulbuild”。
         正在对“Release\gameEngine.lastbuildstate”执行 Touch 任务。
     1>已完成生成项目“C:\Users\bebop\documents\visual studio 2010\Projects\strandedGame\gameEngine\gameEngine.vcxproj”(rebuild 个目标)的操作。

生成成功。

已用时间 00:00:04.57
