C:\USERS\BEBOP\DOCUMENTS\VISUAL STUDIO 2010\PROJECTS\STRANDEDGAME\DEBUG\STRANDEDGAME.EXE
C:\USERS\BEBOP\DOCUMENTS\VISUAL STUDIO 2010\PROJECTS\STRANDEDGAME\DEBUG\STRANDEDGAME.ILK
C:\USERS\BEBOP\DOCUMENTS\VISUAL STUDIO 2010\PROJECTS\STRANDEDGAME\DEBUG\STRANDEDGAME.PDB
C:\Users\bebop\documents\visual studio 2010\Projects\strandedGame\strandedGame\Debug\cl.command.1.tlog
C:\Users\bebop\documents\visual studio 2010\Projects\strandedGame\strandedGame\Debug\CL.read.1.tlog
C:\Users\bebop\documents\visual studio 2010\Projects\strandedGame\strandedGame\Debug\CL.write.1.tlog
C:\Users\bebop\documents\visual studio 2010\Projects\strandedGame\strandedGame\Debug\link.11584.read.1.tlog
C:\Users\bebop\documents\visual studio 2010\Projects\strandedGame\strandedGame\Debug\link.11584.write.1.tlog
C:\Users\bebop\documents\visual studio 2010\Projects\strandedGame\strandedGame\Debug\link.11584-cvtres.read.1.tlog
C:\Users\bebop\documents\visual studio 2010\Projects\strandedGame\strandedGame\Debug\link.11584-cvtres.write.1.tlog
C:\Users\bebop\documents\visual studio 2010\Projects\strandedGame\strandedGame\Debug\link.3412.read.1.tlog
C:\Users\bebop\documents\visual studio 2010\Projects\strandedGame\strandedGame\Debug\link.3412.write.1.tlog
C:\Users\bebop\documents\visual studio 2010\Projects\strandedGame\strandedGame\Debug\link.3412-cvtres.read.1.tlog
C:\Users\bebop\documents\visual studio 2010\Projects\strandedGame\strandedGame\Debug\link.3412-cvtres.write.1.tlog
C:\Users\bebop\documents\visual studio 2010\Projects\strandedGame\strandedGame\Debug\link.7500.read.1.tlog
C:\Users\bebop\documents\visual studio 2010\Projects\strandedGame\strandedGame\Debug\link.7500.write.1.tlog
C:\Users\bebop\documents\visual studio 2010\Projects\strandedGame\strandedGame\Debug\link.7500-cvtres.read.1.tlog
C:\Users\bebop\documents\visual studio 2010\Projects\strandedGame\strandedGame\Debug\link.7500-cvtres.write.1.tlog
C:\Users\bebop\documents\visual studio 2010\Projects\strandedGame\strandedGame\Debug\link.command.1.tlog
C:\Users\bebop\documents\visual studio 2010\Projects\strandedGame\strandedGame\Debug\link.read.1.tlog
C:\Users\bebop\documents\visual studio 2010\Projects\strandedGame\strandedGame\Debug\link.write.1.tlog
C:\USERS\BEBOP\DOCUMENTS\VISUAL STUDIO 2010\PROJECTS\STRANDEDGAME\STRANDEDGAME\DEBUG\MAIN.OBJ
C:\Users\bebop\documents\visual studio 2010\Projects\strandedGame\strandedGame\Debug\mt.command.1.tlog
C:\Users\bebop\documents\visual studio 2010\Projects\strandedGame\strandedGame\Debug\mt.read.1.tlog
C:\Users\bebop\documents\visual studio 2010\Projects\strandedGame\strandedGame\Debug\mt.write.1.tlog
C:\Users\bebop\documents\visual studio 2010\Projects\strandedGame\strandedGame\Debug\rc.command.1.tlog
C:\Users\bebop\documents\visual studio 2010\Projects\strandedGame\strandedGame\Debug\rc.read.1.tlog
C:\Users\bebop\documents\visual studio 2010\Projects\strandedGame\strandedGame\Debug\rc.write.1.tlog
C:\USERS\BEBOP\DOCUMENTS\VISUAL STUDIO 2010\PROJECTS\STRANDEDGAME\STRANDEDGAME\DEBUG\STRANDEDGAME.EXE.EMBED.MANIFEST
C:\USERS\BEBOP\DOCUMENTS\VISUAL STUDIO 2010\PROJECTS\STRANDEDGAME\STRANDEDGAME\DEBUG\STRANDEDGAME.EXE.EMBED.MANIFEST.RES
C:\USERS\BEBOP\DOCUMENTS\VISUAL STUDIO 2010\PROJECTS\STRANDEDGAME\STRANDEDGAME\DEBUG\STRANDEDGAME.EXE.INTERMEDIATE.MANIFEST
C:\Users\bebop\documents\visual studio 2010\Projects\strandedGame\strandedGame\Debug\strandedGame.vcxprojResolveAssemblyReference.cache
C:\Users\bebop\documents\visual studio 2010\Projects\strandedGame\strandedGame\Debug\strandedGame.write.1.tlog
C:\Users\bebop\documents\visual studio 2010\Projects\strandedGame\strandedGame\Debug\strandedGame_manifest.rc
C:\Users\bebop\documents\visual studio 2010\Projects\strandedGame\strandedGame\Debug\vc100.idb
C:\USERS\BEBOP\DOCUMENTS\VISUAL STUDIO 2010\PROJECTS\STRANDEDGAME\STRANDEDGAME\DEBUG\VC100.PDB
